<?xml version="1.0" encoding="UTF-8"?>
<!-- Generated by org.testng.reporters.JUnitXMLReporter -->
<testsuite ignored="0" hostname="Daras-MacBook-Pro.local" failures="0" tests="4" name="Surefire test" time="0.017" errors="0" timestamp="2024-04-05T02:02:50 EEST">
  <testcase classname="testng.TestNgRunner" name="verifyAddMethod" time="0.002"/>
  <testcase classname="testng.TestNgRunner" name="verifyDivideMethod" time="0.0"/>
  <testcase classname="testng.TestNgRunner" name="verifyMultiplyMethod" time="0.0"/>
  <testcase classname="testng.TestNgRunner" name="verifySubtractMethod" time="0.0"/>
</testsuite> <!-- Surefire test -->
