<?xml version="1.0" encoding="UTF-8"?>
<testng-results ignored="0" total="4" passed="4" failed="0" skipped="0">
  <reporter-output>
  </reporter-output>
  <suite started-at="2024-04-05T02:02:50 EEST" name="Surefire suite" finished-at="2024-04-05T02:02:50 EEST" duration-ms="17">
    <groups>
    </groups>
    <test started-at="2024-04-05T02:02:50 EEST" name="Surefire test" finished-at="2024-04-05T02:02:50 EEST" duration-ms="17">
      <class name="testng.TestNgRunner">
        <test-method signature="verifyAddMethod()[pri:0, instance:testng.TestNgRunner@77846d2c]" started-at="2024-04-05T02:02:50 EEST" name="verifyAddMethod" finished-at="2024-04-05T02:02:50 EEST" duration-ms="2" status="PASS">
          <reporter-output>
          </reporter-output>
        </test-method> <!-- verifyAddMethod -->
        <test-method signature="verifySubtractMethod()[pri:0, instance:testng.TestNgRunner@77846d2c]" started-at="2024-04-05T02:02:50 EEST" name="verifySubtractMethod" finished-at="2024-04-05T02:02:50 EEST" duration-ms="0" status="PASS">
          <reporter-output>
          </reporter-output>
        </test-method> <!-- verifySubtractMethod -->
        <test-method signature="verifyMultiplyMethod()[pri:0, instance:testng.TestNgRunner@77846d2c]" started-at="2024-04-05T02:02:50 EEST" name="verifyMultiplyMethod" finished-at="2024-04-05T02:02:50 EEST" duration-ms="0" status="PASS">
          <reporter-output>
          </reporter-output>
        </test-method> <!-- verifyMultiplyMethod -->
        <test-method signature="verifyDivideMethod()[pri:0, instance:testng.TestNgRunner@77846d2c]" started-at="2024-04-05T02:02:50 EEST" name="verifyDivideMethod" finished-at="2024-04-05T02:02:50 EEST" duration-ms="0" status="PASS">
          <reporter-output>
          </reporter-output>
        </test-method> <!-- verifyDivideMethod -->
      </class> <!-- testng.TestNgRunner -->
    </test> <!-- Surefire test -->
  </suite> <!-- Surefire suite -->
</testng-results>
