<?xml version="1.0" encoding="UTF-8"?>
<testsuite xmlns:xsi="http://www.w3.org/2001/XMLSchema-instance" xsi:noNamespaceSchemaLocation="https://maven.apache.org/surefire/maven-surefire-plugin/xsd/surefire-test-report.xsd" name="testng.TestNgRunner" time="0.193" tests="4" errors="0" skipped="0" failures="0">
  <properties>
[...]
</properties>
  <testcase name="verifyAddMethod" classname="testng.TestNgRunner" time="0.003"/>
  <testcase name="verifyDivideMethod" classname="testng.TestNgRunner" time="0"/>
  <testcase name="verifyMultiplyMethod" classname="testng.TestNgRunner" time="0"/>
  <testcase name="verifySubtractMethod" classname="testng.TestNgRunner" time="0.001"/>
</testsuite>